<<<<<<< HEAD
﻿  stdafx.cpp
  Arrow.cpp
  Arrow2.cpp
  Client.cpp
  CollisionMgr.cpp
  CountDown.cpp
C:\Users\Huijun\Desktop\NGP\NGT_TeamProject\죽림고수 최종+Bgm\Client\CountDown.cpp(31,12): warning C4244: '초기화 중': 'float'에서 'int'(으)로 변환하면서 데이터가 손실될 수 있습니다.
  Enemy.cpp
  FrameMgr.cpp
  Graphic_Device.cpp
  HoldBack.cpp
  KeyMgr.cpp
  Lager.cpp
  Logo.cpp
  MainGame.cpp
C:\Users\Huijun\Desktop\NGP\NGT_TeamProject\죽림고수 최종+Bgm\Client\MainGame.cpp(369,18): warning C4244: '초기화 중': 'float'에서 'int'(으)로 변환하면서 데이터가 손실될 수 있습니다.
  MultiTexture.cpp
  Obj.cpp
  ObjMgr.cpp
  Player.cpp
C:\Users\Huijun\Desktop\NGP\NGT_TeamProject\죽림고수 최종+Bgm\Client\Player.cpp(9,16): warning C4305: '=': 'double'에서 'float'(으)로 잘립니다.
  SingleTexture.cpp
  SocketMgr.cpp
C:\Users\Huijun\Desktop\NGP\NGT_TeamProject\죽림고수 최종+Bgm\Client\SocketMgr.cpp(220,60): warning C4244: '인수': 'float'에서 'int'(으)로 변환하면서 데이터가 손실될 수 있습니다.
C:\Users\Huijun\Desktop\NGP\NGT_TeamProject\죽림고수 최종+Bgm\Client\SocketMgr.cpp(319,60): warning C4244: '인수': 'float'에서 'int'(으)로 변환하면서 데이터가 손실될 수 있습니다.
  Texture.cpp
  코드를 생성하고 있습니다...
  컴파일하고 있습니다...
  TextureMgr.cpp
  TimeMgr.cpp
  Warning.cpp
  코드를 생성하고 있습니다...
  Client.vcxproj -> C:\Users\Huijun\Desktop\NGP\NGT_TeamProject\죽림고수 최종+Bgm\Debug\Client.exe
=======
﻿  Lager.cpp
  Client.vcxproj -> C:\Users\user\Desktop\NGT_TeamProject\죽림고수 최종+Bgm\Debug\Client.exe
>>>>>>> dbc20f0751bcd4ddd450f7994db252101042eced
