  stdafx.cpp
  Arrow.cpp
  Arrow2.cpp
  Client.cpp
  CollisionMgr.cpp
  Graphic_Device.cpp
  HoldBack.cpp
  KeyMgr.cpp
  Lager.cpp
  MainGame.cpp
C:\Users\user\Desktop\NGT_TeamProject\죽림고수 최종+Bgm (2)\Client\MainGame.cpp(207,56): warning C4244: '인수': 'int'에서 'float'(으)로 변환하면서 데이터가 손실될 수 있습니다.
C:\Users\user\Desktop\NGT_TeamProject\죽림고수 최종+Bgm (2)\Client\MainGame.cpp(209,56): warning C4244: '인수': 'int'에서 'float'(으)로 변환하면서 데이터가 손실될 수 있습니다.
C:\Users\user\Desktop\NGT_TeamProject\죽림고수 최종+Bgm (2)\Client\MainGame.cpp(211,59): warning C4244: '인수': 'int'에서 'float'(으)로 변환하면서 데이터가 손실될 수 있습니다.
C:\Users\user\Desktop\NGT_TeamProject\죽림고수 최종+Bgm (2)\Client\MainGame.cpp(213,62): warning C4244: '인수': 'int'에서 'float'(으)로 변환하면서 데이터가 손실될 수 있습니다.
C:\Users\user\Desktop\NGT_TeamProject\죽림고수 최종+Bgm (2)\Client\MainGame.cpp(240,54): warning C4244: '인수': 'int'에서 'float'(으)로 변환하면서 데이터가 손실될 수 있습니다.
C:\Users\user\Desktop\NGT_TeamProject\죽림고수 최종+Bgm (2)\Client\MainGame.cpp(242,54): warning C4244: '인수': 'int'에서 'float'(으)로 변환하면서 데이터가 손실될 수 있습니다.
C:\Users\user\Desktop\NGT_TeamProject\죽림고수 최종+Bgm (2)\Client\MainGame.cpp(244,57): warning C4244: '인수': 'int'에서 'float'(으)로 변환하면서 데이터가 손실될 수 있습니다.
C:\Users\user\Desktop\NGT_TeamProject\죽림고수 최종+Bgm (2)\Client\MainGame.cpp(246,60): warning C4244: '인수': 'int'에서 'float'(으)로 변환하면서 데이터가 손실될 수 있습니다.
C:\Users\user\Desktop\NGT_TeamProject\죽림고수 최종+Bgm (2)\Client\MainGame.cpp(304,57): warning C4244: '인수': 'int'에서 'float'(으)로 변환하면서 데이터가 손실될 수 있습니다.
C:\Users\user\Desktop\NGT_TeamProject\죽림고수 최종+Bgm (2)\Client\MainGame.cpp(309,55): warning C4244: '인수': 'int'에서 'float'(으)로 변환하면서 데이터가 손실될 수 있습니다.
C:\Users\user\Desktop\NGT_TeamProject\죽림고수 최종+Bgm (2)\Client\MainGame.cpp(314,57): warning C4244: '인수': 'int'에서 'float'(으)로 변환하면서 데이터가 손실될 수 있습니다.
C:\Users\user\Desktop\NGT_TeamProject\죽림고수 최종+Bgm (2)\Client\MainGame.cpp(319,52): warning C4244: '인수': 'int'에서 'float'(으)로 변환하면서 데이터가 손실될 수 있습니다.
  MultiTexture.cpp
  Obj.cpp
  ObjMgr.cpp
  Player.cpp
C:\Users\user\Desktop\NGT_TeamProject\죽림고수 최종+Bgm (2)\Client\Player.cpp(9,16): warning C4305: '=': 'double'에서 'float'(으)로 잘립니다.
  SingleTexture.cpp
  Texture.cpp
  TextureMgr.cpp
  Warning.cpp
  코드를 생성하고 있습니다...
  Client.vcxproj -> C:\Users\user\Desktop\NGT_TeamProject\죽림고수 최종+Bgm (2)\Debug\Client.exe
