  stdafx.cpp
  Arrow.cpp
  Arrow2.cpp
  Client.cpp
  CollisionMgr.cpp
  Enemy.cpp
  Graphic_Device.cpp
  HoldBack.cpp
  KeyMgr.cpp
  Lager.cpp
  Logo.cpp
  MainGame.cpp
C:\Users\user\Desktop\NGT_TeamProject\죽림고수 최종+Bgm\Client\MainGame.cpp(212,56): warning C4244: '인수': 'int'에서 'float'(으)로 변환하면서 데이터가 손실될 수 있습니다.
C:\Users\user\Desktop\NGT_TeamProject\죽림고수 최종+Bgm\Client\MainGame.cpp(214,56): warning C4244: '인수': 'int'에서 'float'(으)로 변환하면서 데이터가 손실될 수 있습니다.
C:\Users\user\Desktop\NGT_TeamProject\죽림고수 최종+Bgm\Client\MainGame.cpp(216,59): warning C4244: '인수': 'int'에서 'float'(으)로 변환하면서 데이터가 손실될 수 있습니다.
C:\Users\user\Desktop\NGT_TeamProject\죽림고수 최종+Bgm\Client\MainGame.cpp(218,62): warning C4244: '인수': 'int'에서 'float'(으)로 변환하면서 데이터가 손실될 수 있습니다.
C:\Users\user\Desktop\NGT_TeamProject\죽림고수 최종+Bgm\Client\MainGame.cpp(245,54): warning C4244: '인수': 'int'에서 'float'(으)로 변환하면서 데이터가 손실될 수 있습니다.
C:\Users\user\Desktop\NGT_TeamProject\죽림고수 최종+Bgm\Client\MainGame.cpp(247,54): warning C4244: '인수': 'int'에서 'float'(으)로 변환하면서 데이터가 손실될 수 있습니다.
C:\Users\user\Desktop\NGT_TeamProject\죽림고수 최종+Bgm\Client\MainGame.cpp(249,57): warning C4244: '인수': 'int'에서 'float'(으)로 변환하면서 데이터가 손실될 수 있습니다.
C:\Users\user\Desktop\NGT_TeamProject\죽림고수 최종+Bgm\Client\MainGame.cpp(251,60): warning C4244: '인수': 'int'에서 'float'(으)로 변환하면서 데이터가 손실될 수 있습니다.
C:\Users\user\Desktop\NGT_TeamProject\죽림고수 최종+Bgm\Client\MainGame.cpp(309,57): warning C4244: '인수': 'int'에서 'float'(으)로 변환하면서 데이터가 손실될 수 있습니다.
C:\Users\user\Desktop\NGT_TeamProject\죽림고수 최종+Bgm\Client\MainGame.cpp(314,55): warning C4244: '인수': 'int'에서 'float'(으)로 변환하면서 데이터가 손실될 수 있습니다.
C:\Users\user\Desktop\NGT_TeamProject\죽림고수 최종+Bgm\Client\MainGame.cpp(319,57): warning C4244: '인수': 'int'에서 'float'(으)로 변환하면서 데이터가 손실될 수 있습니다.
C:\Users\user\Desktop\NGT_TeamProject\죽림고수 최종+Bgm\Client\MainGame.cpp(324,52): warning C4244: '인수': 'int'에서 'float'(으)로 변환하면서 데이터가 손실될 수 있습니다.
  MultiTexture.cpp
  Obj.cpp
  ObjMgr.cpp
  Player.cpp
C:\Users\user\Desktop\NGT_TeamProject\죽림고수 최종+Bgm\Client\Player.cpp(9,16): warning C4305: '=': 'double'에서 'float'(으)로 잘립니다.
  SingleTexture.cpp
  SocketMgr.cpp
C:\Users\user\Desktop\NGT_TeamProject\죽림고수 최종+Bgm\Client\SocketMgr.cpp(109,30): warning C4267: '초기화 중': 'size_t'에서 'int'(으)로 변환하면서 데이터가 손실될 수 있습니다.
C:\Users\user\Desktop\NGT_TeamProject\죽림고수 최종+Bgm\Client\SocketMgr.cpp(208,60): warning C4244: '인수': 'float'에서 'int'(으)로 변환하면서 데이터가 손실될 수 있습니다.
  Texture.cpp
  TextureMgr.cpp
  Warning.cpp
  코드를 생성하고 있습니다...
  Client.vcxproj -> C:\Users\user\Desktop\NGT_TeamProject\죽림고수 최종+Bgm\x64\Debug\Client.exe
